TN:
SF:module_parse/parse.js
FN:3,parser
FNF:1
FNH:1
FNDA:4,parser
DA:1,1
DA:2,1
DA:3,1
DA:4,4
DA:5,4
DA:6,4
DA:7,4
DA:8,4
DA:9,4
DA:10,4
DA:11,4
DA:12,4
DA:13,1
DA:14,1
LF:14
LH:14
BRDA:3,0,0,4
BRDA:5,1,0,2
BRDA:7,2,0,2
BRDA:9,3,0,0
BRF:4
BRH:3
end_of_record
TN:
SF:src/index.js
FN:7,compare
FN:28,default
FNF:2
FNH:2
FNDA:2,compare
FNDA:2,default
DA:1,1
DA:2,1
DA:3,1
DA:4,1
DA:5,1
DA:6,1
DA:7,1
DA:8,2
DA:9,2
DA:10,2
DA:11,10
DA:12,2
DA:13,2
DA:14,10
DA:15,4
DA:16,4
DA:17,10
DA:18,2
DA:19,2
DA:20,2
DA:21,2
DA:22,2
DA:23,2
DA:24,2
DA:25,2
DA:26,2
DA:27,1
DA:28,1
DA:29,2
DA:30,2
DA:31,2
DA:32,2
DA:33,2
DA:34,2
DA:35,2
DA:36,2
DA:37,2
DA:38,1
DA:39,1
LF:39
LH:39
BRDA:7,0,0,2
BRDA:10,1,0,10
BRDA:11,2,0,2
BRDA:14,3,0,8
BRDA:14,4,0,4
BRDA:17,5,0,2
BRDA:28,6,0,2
BRF:7
BRH:7
end_of_record
